[2022-09-16 16:46:58] DEBUG [Modules\Migrate:169] [Migrate_5_25_0] has run successfully
[2022-09-16 16:46:58] DEBUG [Modules\Migrate:169] [Migrate_6_0_0] has run successfully
[2022-10-12 16:45:48] ERROR [helpers.php:65] Target class [GeminiLabs\SiteReviews\Modules\Console] does not exist.
[2022-10-12 16:45:48] ERROR [helpers.php:65] Attempting to call error() on an unknown class [GeminiLabs\SiteReviews\Modules\Console]
[2022-10-12 16:45:48] ERROR [helpers.php:65] Attempting to call error() on an unknown class [GeminiLabs\SiteReviews\Modules\Console]
[2022-10-12 16:45:48] ERROR [helpers.php:65] Attempting to call error() on an unknown class [GeminiLabs\SiteReviews\Modules\Console]
[2022-10-12 16:45:48] ERROR [helpers.php:65] Attempting to call error() on an unknown class [GeminiLabs\SiteReviews\Modules\Console]
[2022-10-12 16:45:48] ERROR [helpers.php:65] Attempting to call error() on an unknown class [GeminiLabs\SiteReviews\Modules\Console]
[2022-10-12 16:45:48] ERROR [helpers.php:65] Attempting to call error() on an unknown class [GeminiLabs\SiteReviews\Modules\Console]
[2022-10-12 16:45:48] ERROR [helpers.php:65] Attempting to call error() on an unknown class [GeminiLabs\SiteReviews\Modules\Console]
[2022-10-12 16:45:48] ERROR [helpers.php:65] Attempting to call error() on an unknown class [GeminiLabs\SiteReviews\Modules\Console]
[2022-10-12 16:45:48] ERROR [helpers.php:65] Attempting to call error() on an unknown class [GeminiLabs\SiteReviews\Modules\Console]
[2022-10-12 16:45:48] ERROR [helpers.php:65] Attempting to call error() on an unknown class [GeminiLabs\SiteReviews\Modules\Console]
[2022-10-12 16:45:48] ERROR [helpers.php:65] Attempting to call error() on an unknown class [GeminiLabs\SiteReviews\Modules\Console]
[2022-10-12 16:45:48] ERROR [helpers.php:65] Attempting to call error() on an unknown class [GeminiLabs\SiteReviews\Modules\Console]
[2022-10-12 16:45:48] ERROR [helpers.php:65] Attempting to call error() on an unknown class [GeminiLabs\SiteReviews\Modules\Console]
[2022-10-12 16:45:48] ERROR [helpers.php:65] Attempting to call error() on an unknown class [GeminiLabs\SiteReviews\Modules\Console]
[2022-10-12 16:45:48] ERROR [helpers.php:65] Attempting to call error() on an unknown class [GeminiLabs\SiteReviews\Modules\Console]
[2022-10-12 16:45:48] ERROR [helpers.php:65] Attempting to call error() on an unknown class [GeminiLabs\SiteReviews\Modules\Console]
[2022-10-12 16:45:48] ERROR [helpers.php:65] Attempting to call error() on an unknown class [GeminiLabs\SiteReviews\Modules\Console]
[2022-10-12 16:45:48] ERROR [helpers.php:65] Attempting to call error() on an unknown class [GeminiLabs\SiteReviews\Modules\Console]
[2022-10-12 16:45:48] ERROR [helpers.php:65] Attempting to call error() on an unknown class [GeminiLabs\SiteReviews\Modules\Console]
[2022-10-12 16:45:48] ERROR [helpers.php:65] Attempting to call error() on an unknown class [GeminiLabs\SiteReviews\Modules\Console]
[2022-10-12 16:45:48] ERROR [helpers.php:65] Attempting to call error() on an unknown class [GeminiLabs\SiteReviews\Modules\Console]
[2022-10-12 16:45:48] ERROR [helpers.php:65] Attempting to call error() on an unknown class [GeminiLabs\SiteReviews\Modules\Console]
[2022-10-12 16:45:48] ERROR [helpers.php:65] Attempting to call error() on an unknown class [GeminiLabs\SiteReviews\Modules\Console]
[2022-10-12 16:45:48] ERROR [helpers.php:65] Attempting to call error() on an unknown class [GeminiLabs\SiteReviews\Modules\Console]
[2022-10-12 16:45:48] ERROR [helpers.php:65] Attempting to call error() on an unknown class [GeminiLabs\SiteReviews\Modules\Console]
[2022-10-12 16:45:48] ERROR [helpers.php:65] Attempting to call error() on an unknown class [GeminiLabs\SiteReviews\Modules\Console]
[2022-10-12 16:45:48] ERROR [helpers.php:65] Attempting to call error() on an unknown class [GeminiLabs\SiteReviews\Modules\Console]
[2022-10-12 16:45:48] ERROR [helpers.php:65] Attempting to call error() on an unknown class [GeminiLabs\SiteReviews\Modules\Console]
[2022-10-12 16:45:48] ERROR [helpers.php:65] Attempting to call error() on an unknown class [GeminiLabs\SiteReviews\Modules\Console]
[2022-10-12 16:45:48] ERROR [helpers.php:65] Attempting to call error() on an unknown class [GeminiLabs\SiteReviews\Modules\Console]
[2022-10-12 16:45:48] ERROR [helpers.php:65] Attempting to call error() on an unknown class [GeminiLabs\SiteReviews\Modules\Console]
[2022-10-12 16:45:48] ERROR [helpers.php:65] Attempting to call error() on an unknown class [GeminiLabs\SiteReviews\Modules\Console]
[2022-10-12 16:45:48] ERROR [helpers.php:65] Attempting to call error() on an unknown class [GeminiLabs\SiteReviews\Modules\Console]
[2022-10-12 16:45:48] ERROR [helpers.php:65] Attempting to call error() on an unknown class [GeminiLabs\SiteReviews\Modules\Console]
[2022-10-12 16:45:48] ERROR [helpers.php:65] Attempting to call error() on an unknown class [GeminiLabs\SiteReviews\Modules\Console]
[2022-10-12 16:45:48] ERROR [helpers.php:65] Attempting to call error() on an unknown class [GeminiLabs\SiteReviews\Modules\Console]
[2022-10-12 16:45:48] ERROR [helpers.php:65] Attempting to call error() on an unknown class [GeminiLabs\SiteReviews\Modules\Console]
[2022-10-12 16:45:48] ERROR [helpers.php:65] Attempting to call error() on an unknown class [GeminiLabs\SiteReviews\Modules\Console]
[2022-10-12 16:45:48] ERROR [helpers.php:65] Attempting to call error() on an unknown class [GeminiLabs\SiteReviews\Modules\Console]
[2022-10-12 16:45:48] ERROR [helpers.php:65] Attempting to call error() on an unknown class [GeminiLabs\SiteReviews\Modules\Console]
[2022-10-12 16:45:48] ERROR [helpers.php:65] Attempting to call error() on an unknown class [GeminiLabs\SiteReviews\Modules\Console]
[2022-10-12 16:45:48] ERROR [helpers.php:65] Attempting to call error() on an unknown class [GeminiLabs\SiteReviews\Modules\Console]
[2022-10-12 16:45:48] ERROR [helpers.php:65] Attempting to call error() on an unknown class [GeminiLabs\SiteReviews\Modules\Console]
[2022-10-12 16:45:48] ERROR [helpers.php:65] Attempting to call error() on an unknown class [GeminiLabs\SiteReviews\Modules\Console]
[2022-10-12 16:45:48] ERROR [helpers.php:65] Attempting to call error() on an unknown class [GeminiLabs\SiteReviews\Modules\Console]
[2022-10-12 16:45:48] ERROR [helpers.php:65] Attempting to call error() on an unknown class [GeminiLabs\SiteReviews\Modules\Console]
[2022-10-12 16:45:48] ERROR [helpers.php:65] Attempting to call error() on an unknown class [GeminiLabs\SiteReviews\Modules\Console]
[2022-10-12 16:45:48] ERROR [helpers.php:65] Attempting to call error() on an unknown class [GeminiLabs\SiteReviews\Modules\Console]
[2022-10-12 16:45:48] ERROR [helpers.php:65] Attempting to call error() on an unknown class [GeminiLabs\SiteReviews\Modules\Console]
[2022-10-12 16:45:48] ERROR [helpers.php:65] Attempting to call error() on an unknown class [GeminiLabs\SiteReviews\Modules\Console]
[2022-10-12 16:45:48] ERROR [helpers.php:65] Attempting to call error() on an unknown class [GeminiLabs\SiteReviews\Modules\Console]
[2022-10-12 16:45:48] ERROR [helpers.php:65] Attempting to call error() on an unknown class [GeminiLabs\SiteReviews\Modules\Console]
[2022-10-12 16:45:48] ERROR [helpers.php:65] Attempting to call error() on an unknown class [GeminiLabs\SiteReviews\Modules\Console]
[2022-10-12 16:45:48] ERROR [helpers.php:65] Attempting to call error() on an unknown class [GeminiLabs\SiteReviews\Modules\Console]
[2022-10-12 16:45:48] ERROR [helpers.php:65] Attempting to call error() on an unknown class [GeminiLabs\SiteReviews\Modules\Console]
[2022-10-12 16:45:48] ERROR [helpers.php:65] Attempting to call error() on an unknown class [GeminiLabs\SiteReviews\Modules\Console]
[2022-10-12 16:45:48] ERROR [helpers.php:65] Attempting to call error() on an unknown class [GeminiLabs\SiteReviews\Modules\Console]
[2022-10-12 16:45:48] ERROR [helpers.php:65] Attempting to call error() on an unknown class [GeminiLabs\SiteReviews\Modules\Console]
[2022-10-12 16:45:48] ERROR [helpers.php:65] Attempting to call error() on an unknown class [GeminiLabs\SiteReviews\Modules\Console]
[2022-10-12 16:45:48] ERROR [helpers.php:65] Attempting to call error() on an unknown class [GeminiLabs\SiteReviews\Modules\Console]
[2022-10-12 16:45:48] ERROR [helpers.php:65] Attempting to call error() on an unknown class [GeminiLabs\SiteReviews\Modules\Console]
[2022-10-12 16:45:48] ERROR [helpers.php:65] Attempting to call error() on an unknown class [GeminiLabs\SiteReviews\Modules\Console]
[2022-10-12 16:45:48] ERROR [helpers.php:65] Attempting to call error() on an unknown class [GeminiLabs\SiteReviews\Modules\Console]
[2022-10-12 16:45:48] ERROR [helpers.php:65] Attempting to call error() on an unknown class [GeminiLabs\SiteReviews\Modules\Console]
[2022-10-12 16:45:48] ERROR [helpers.php:65] Attempting to call error() on an unknown class [GeminiLabs\SiteReviews\Modules\Console]
[2022-10-12 16:45:48] ERROR [helpers.php:65] Attempting to call error() on an unknown class [GeminiLabs\SiteReviews\Modules\Console]
[2022-10-12 16:45:48] ERROR [helpers.php:65] Attempting to call error() on an unknown class [GeminiLabs\SiteReviews\Modules\Console]
[2022-10-12 16:45:48] ERROR [helpers.php:65] Attempting to call error() on an unknown class [GeminiLabs\SiteReviews\Modules\Console]
[2022-10-12 16:45:48] ERROR [helpers.php:65] Attempting to call error() on an unknown class [GeminiLabs\SiteReviews\Modules\Console]
[2022-10-12 16:45:48] ERROR [helpers.php:65] Attempting to call error() on an unknown class [GeminiLabs\SiteReviews\Modules\Console]
[2022-10-12 16:45:48] ERROR [helpers.php:65] Attempting to call error() on an unknown class [GeminiLabs\SiteReviews\Modules\Console]
[2022-10-12 16:45:48] ERROR [helpers.php:65] Attempting to call error() on an unknown class [GeminiLabs\SiteReviews\Modules\Console]
[2022-10-12 16:45:48] ERROR [helpers.php:65] Attempting to call error() on an unknown class [GeminiLabs\SiteReviews\Modules\Console]
[2022-10-12 16:45:48] ERROR [helpers.php:65] Attempting to call error() on an unknown class [GeminiLabs\SiteReviews\Modules\Console]
[2022-10-12 16:45:48] ERROR [helpers.php:65] Attempting to call error() on an unknown class [GeminiLabs\SiteReviews\Modules\Console]
[2022-10-12 16:45:48] ERROR [helpers.php:65] Attempting to call error() on an unknown class [GeminiLabs\SiteReviews\Modules\Console]
[2022-10-12 16:45:48] ERROR [helpers.php:65] Attempting to call error() on an unknown class [GeminiLabs\SiteReviews\Modules\Console]
[2022-10-12 16:45:48] ERROR [helpers.php:65] Attempting to call error() on an unknown class [GeminiLabs\SiteReviews\Modules\Console]
[2022-10-12 16:45:48] ERROR [helpers.php:65] Attempting to call error() on an unknown class [GeminiLabs\SiteReviews\Modules\Console]
[2022-10-12 16:45:48] ERROR [helpers.php:65] Attempting to call error() on an unknown class [GeminiLabs\SiteReviews\Modules\Console]
[2022-10-12 16:45:48] ERROR [helpers.php:65] Attempting to call error() on an unknown class [GeminiLabs\SiteReviews\Modules\Console]
[2022-10-12 16:45:48] ERROR [helpers.php:65] Attempting to call error() on an unknown class [GeminiLabs\SiteReviews\Modules\Console]
[2022-10-12 16:45:48] ERROR [helpers.php:65] Attempting to call error() on an unknown class [GeminiLabs\SiteReviews\Modules\Console]
[2022-10-12 16:45:48] ERROR [helpers.php:65] Attempting to call error() on an unknown class [GeminiLabs\SiteReviews\Modules\Console]
[2022-10-12 16:45:48] ERROR [helpers.php:65] Attempting to call error() on an unknown class [GeminiLabs\SiteReviews\Modules\Console]
[2022-10-12 16:45:48] ERROR [helpers.php:65] Attempting to call error() on an unknown class [GeminiLabs\SiteReviews\Modules\Console]
[2022-10-12 16:45:48] ERROR [helpers.php:65] Attempting to call error() on an unknown class [GeminiLabs\SiteReviews\Modules\Console]
[2022-10-12 16:45:48] ERROR [helpers.php:65] Attempting to call error() on an unknown class [GeminiLabs\SiteReviews\Modules\Console]
[2022-10-12 16:45:48] ERROR [helpers.php:65] Attempting to call error() on an unknown class [GeminiLabs\SiteReviews\Modules\Console]
[2022-10-12 16:45:48] ERROR [helpers.php:65] Attempting to call error() on an unknown class [GeminiLabs\SiteReviews\Modules\Console]
[2022-10-12 16:45:48] ERROR [helpers.php:65] Attempting to call error() on an unknown class [GeminiLabs\SiteReviews\Modules\Console]
[2022-10-12 16:45:48] ERROR [helpers.php:65] Attempting to call error() on an unknown class [GeminiLabs\SiteReviews\Modules\Console]
[2022-10-12 16:45:48] ERROR [helpers.php:65] Attempting to call error() on an unknown class [GeminiLabs\SiteReviews\Modules\Console]
[2022-10-12 16:45:48] ERROR [helpers.php:65] Attempting to call error() on an unknown class [GeminiLabs\SiteReviews\Modules\Console]
[2022-10-12 16:45:48] ERROR [helpers.php:65] Attempting to call error() on an unknown class [GeminiLabs\SiteReviews\Modules\Console]
[2022-10-12 16:45:48] ERROR [helpers.php:65] Attempting to call error() on an unknown class [GeminiLabs\SiteReviews\Modules\Console]
[2022-10-12 16:45:48] ERROR [helpers.php:65] Attempting to call error() on an unknown class [GeminiLabs\SiteReviews\Modules\Console]
[2022-10-12 16:45:48] ERROR [helpers.php:65] Attempting to call error() on an unknown class [GeminiLabs\SiteReviews\Modules\Console]
[2022-10-12 16:45:48] ERROR [helpers.php:65] Attempting to call error() on an unknown class [GeminiLabs\SiteReviews\Modules\Console]
[2022-10-12 16:45:48] ERROR [helpers.php:65] Attempting to call error() on an unknown class [GeminiLabs\SiteReviews\Modules\Console]
[2022-10-12 16:45:48] ERROR [helpers.php:65] Attempting to call error() on an unknown class [GeminiLabs\SiteReviews\Modules\Console]
[2022-10-12 16:45:48] ERROR [helpers.php:65] Attempting to call error() on an unknown class [GeminiLabs\SiteReviews\Modules\Console]
[2022-10-12 16:45:48] ERROR [helpers.php:65] Attempting to call error() on an unknown class [GeminiLabs\SiteReviews\Modules\Console]
[2022-10-12 16:45:48] ERROR [helpers.php:65] Attempting to call error() on an unknown class [GeminiLabs\SiteReviews\Modules\Console]
[2022-10-12 16:45:48] ERROR [helpers.php:65] Attempting to call error() on an unknown class [GeminiLabs\SiteReviews\Modules\Console]
[2022-10-12 16:45:48] ERROR [helpers.php:65] Attempting to call error() on an unknown class [GeminiLabs\SiteReviews\Modules\Console]
[2022-10-12 16:45:48] ERROR [helpers.php:65] Attempting to call error() on an unknown class [GeminiLabs\SiteReviews\Modules\Console]
[2022-10-12 16:45:48] ERROR [helpers.php:65] Attempting to call error() on an unknown class [GeminiLabs\SiteReviews\Modules\Console]
[2022-10-12 16:45:48] ERROR [helpers.php:65] Attempting to call error() on an unknown class [GeminiLabs\SiteReviews\Modules\Console]
[2022-10-12 16:45:48] ERROR [helpers.php:65] Attempting to call error() on an unknown class [GeminiLabs\SiteReviews\Modules\Console]
[2022-10-12 16:45:48] ERROR [helpers.php:65] Attempting to call error() on an unknown class [GeminiLabs\SiteReviews\Modules\Console]
[2022-10-12 16:45:48] ERROR [helpers.php:65] Attempting to call error() on an unknown class [GeminiLabs\SiteReviews\Modules\Console]
[2022-10-12 16:45:48] ERROR [helpers.php:65] Attempting to call error() on an unknown class [GeminiLabs\SiteReviews\Modules\Console]
[2022-10-12 16:45:48] ERROR [helpers.php:65] Attempting to call error() on an unknown class [GeminiLabs\SiteReviews\Modules\Console]
[2022-10-12 16:45:48] ERROR [helpers.php:65] Attempting to call error() on an unknown class [GeminiLabs\SiteReviews\Modules\Console]
[2022-10-12 16:45:48] ERROR [helpers.php:65] Attempting to call error() on an unknown class [GeminiLabs\SiteReviews\Modules\Console]
[2022-10-12 16:45:48] ERROR [helpers.php:65] Attempting to call error() on an unknown class [GeminiLabs\SiteReviews\Modules\Console]
[2022-10-12 16:45:48] ERROR [helpers.php:65] Attempting to call error() on an unknown class [GeminiLabs\SiteReviews\Modules\Console]
[2022-10-12 16:45:48] ERROR [helpers.php:65] Attempting to call error() on an unknown class [GeminiLabs\SiteReviews\Modules\Console]
[2022-10-12 16:45:48] ERROR [helpers.php:65] Attempting to call error() on an unknown class [GeminiLabs\SiteReviews\Modules\Console]
[2022-10-12 16:45:48] ERROR [helpers.php:65] Attempting to call error() on an unknown class [GeminiLabs\SiteReviews\Modules\Console]
[2022-10-12 16:45:48] ERROR [helpers.php:65] Attempting to call error() on an unknown class [GeminiLabs\SiteReviews\Modules\Console]
[2022-10-12 16:45:48] ERROR [helpers.php:65] Attempting to call error() on an unknown class [GeminiLabs\SiteReviews\Modules\Console]
[2022-10-12 16:45:48] ERROR [helpers.php:65] Attempting to call error() on an unknown class [GeminiLabs\SiteReviews\Modules\Console]
[2022-10-12 16:45:48] ERROR [helpers.php:65] Attempting to call error() on an unknown class [GeminiLabs\SiteReviews\Modules\Console]
[2022-10-12 16:45:48] ERROR [helpers.php:65] Attempting to call error() on an unknown class [GeminiLabs\SiteReviews\Modules\Console]
[2022-10-12 16:45:48] ERROR [helpers.php:65] Attempting to call error() on an unknown class [GeminiLabs\SiteReviews\Modules\Console]
[2022-10-12 16:45:48] ERROR [helpers.php:65] Attempting to call error() on an unknown class [GeminiLabs\SiteReviews\Modules\Console]
[2022-10-12 16:45:48] ERROR [helpers.php:65] Attempting to call error() on an unknown class [GeminiLabs\SiteReviews\Modules\Console]
[2022-10-12 16:45:48] ERROR [helpers.php:65] Attempting to call error() on an unknown class [GeminiLabs\SiteReviews\Modules\Console]
[2022-10-12 16:45:48] ERROR [helpers.php:65] Attempting to call error() on an unknown class [GeminiLabs\SiteReviews\Modules\Console]
[2022-10-12 16:45:48] ERROR [helpers.php:65] Attempting to call error() on an unknown class [GeminiLabs\SiteReviews\Modules\Console]
[2022-10-12 16:45:48] ERROR [helpers.php:65] Attempting to call error() on an unknown class [GeminiLabs\SiteReviews\Modules\Console]
[2022-10-12 16:45:48] ERROR [helpers.php:65] Attempting to call error() on an unknown class [GeminiLabs\SiteReviews\Modules\Console]
[2022-10-12 16:45:48] ERROR [helpers.php:65] Attempting to call error() on an unknown class [GeminiLabs\SiteReviews\Modules\Console]
[2022-10-12 16:45:48] ERROR [helpers.php:65] Attempting to call error() on an unknown class [GeminiLabs\SiteReviews\Modules\Console]
[2022-10-12 16:45:48] ERROR [helpers.php:65] Attempting to call error() on an unknown class [GeminiLabs\SiteReviews\Modules\Console]
[2022-10-12 16:45:48] ERROR [helpers.php:65] Attempting to call error() on an unknown class [GeminiLabs\SiteReviews\Modules\Console]
[2022-10-12 16:45:48] ERROR [helpers.php:65] Attempting to call error() on an unknown class [GeminiLabs\SiteReviews\Modules\Console]
[2022-10-12 16:45:48] ERROR [helpers.php:65] Attempting to call error() on an unknown class [GeminiLabs\SiteReviews\Modules\Console]
[2022-10-12 16:45:48] ERROR [helpers.php:65] Attempting to call error() on an unknown class [GeminiLabs\SiteReviews\Modules\Console]
[2022-10-12 16:45:48] ERROR [helpers.php:65] Attempting to call error() on an unknown class [GeminiLabs\SiteReviews\Modules\Console]
[2022-10-12 16:45:48] ERROR [helpers.php:65] Attempting to call error() on an unknown class [GeminiLabs\SiteReviews\Modules\Console]
[2022-10-12 16:45:48] ERROR [helpers.php:65] Attempting to call error() on an unknown class [GeminiLabs\SiteReviews\Modules\Console]
[2022-10-12 16:45:48] ERROR [helpers.php:65] Attempting to call error() on an unknown class [GeminiLabs\SiteReviews\Modules\Console]
[2022-10-12 16:45:48] ERROR [helpers.php:65] Attempting to call error() on an unknown class [GeminiLabs\SiteReviews\Modules\Console]
[2022-10-12 16:45:48] ERROR [helpers.php:65] Attempting to call error() on an unknown class [GeminiLabs\SiteReviews\Modules\Console]
[2022-10-12 16:45:48] ERROR [helpers.php:65] Attempting to call error() on an unknown class [GeminiLabs\SiteReviews\Modules\Console]
[2022-10-12 16:45:48] ERROR [helpers.php:65] Attempting to call error() on an unknown class [GeminiLabs\SiteReviews\Modules\Console]
[2022-10-12 16:45:48] ERROR [helpers.php:65] Attempting to call error() on an unknown class [GeminiLabs\SiteReviews\Modules\Console]
[2022-10-12 16:45:48] ERROR [helpers.php:65] Attempting to call error() on an unknown class [GeminiLabs\SiteReviews\Modules\Console]
[2022-10-12 16:45:48] ERROR [helpers.php:65] Attempting to call error() on an unknown class [GeminiLabs\SiteReviews\Modules\Console]
[2022-10-12 16:45:48] ERROR [helpers.php:65] Attempting to call error() on an unknown class [GeminiLabs\SiteReviews\Modules\Console]
[2022-10-12 16:45:48] ERROR [helpers.php:65] Attempting to call error() on an unknown class [GeminiLabs\SiteReviews\Modules\Console]
[2022-10-12 16:45:48] ERROR [helpers.php:65] Attempting to call error() on an unknown class [GeminiLabs\SiteReviews\Modules\Console]
[2022-10-12 16:45:48] ERROR [helpers.php:65] Attempting to call error() on an unknown class [GeminiLabs\SiteReviews\Modules\Console]
[2022-10-12 16:45:48] ERROR [helpers.php:65] Attempting to call error() on an unknown class [GeminiLabs\SiteReviews\Modules\Console]
[2022-10-12 16:45:48] ERROR [helpers.php:65] Attempting to call error() on an unknown class [GeminiLabs\SiteReviews\Modules\Console]
[2022-10-12 16:45:48] ERROR [helpers.php:65] Attempting to call error() on an unknown class [GeminiLabs\SiteReviews\Modules\Console]
[2022-10-12 16:45:48] ERROR [helpers.php:65] Attempting to call error() on an unknown class [GeminiLabs\SiteReviews\Modules\Console]
[2022-10-12 16:45:48] ERROR [helpers.php:65] Attempting to call error() on an unknown class [GeminiLabs\SiteReviews\Modules\Console]
[2022-10-12 16:45:48] ERROR [helpers.php:65] Attempting to call error() on an unknown class [GeminiLabs\SiteReviews\Modules\Console]
[2022-10-12 16:45:48] ERROR [helpers.php:65] Attempting to call error() on an unknown class [GeminiLabs\SiteReviews\Modules\Console]
[2022-10-12 16:45:48] ERROR [helpers.php:65] Attempting to call error() on an unknown class [GeminiLabs\SiteReviews\Modules\Console]
[2022-10-12 16:45:48] ERROR [helpers.php:65] Attempting to call error() on an unknown class [GeminiLabs\SiteReviews\Modules\Console]
[2022-10-12 16:45:48] ERROR [helpers.php:65] Attempting to call error() on an unknown class [GeminiLabs\SiteReviews\Modules\Console]
[2022-10-12 16:45:48] ERROR [helpers.php:65] Attempting to call error() on an unknown class [GeminiLabs\SiteReviews\Modules\Console]
[2022-10-12 16:45:48] ERROR [helpers.php:65] Attempting to call error() on an unknown class [GeminiLabs\SiteReviews\Modules\Console]
[2022-10-12 16:45:48] ERROR [helpers.php:65] Attempting to call error() on an unknown class [GeminiLabs\SiteReviews\Modules\Console]
[2022-10-12 16:45:48] ERROR [helpers.php:65] Attempting to call error() on an unknown class [GeminiLabs\SiteReviews\Modules\Console]
[2022-10-12 16:45:48] ERROR [helpers.php:65] Attempting to call error() on an unknown class [GeminiLabs\SiteReviews\Modules\Console]
[2022-10-12 16:45:48] ERROR [helpers.php:65] Attempting to call error() on an unknown class [GeminiLabs\SiteReviews\Modules\Console]
[2022-10-12 16:45:48] ERROR [helpers.php:65] Attempting to call error() on an unknown class [GeminiLabs\SiteReviews\Modules\Console]
[2022-10-12 16:45:48] ERROR [helpers.php:65] Attempting to call error() on an unknown class [GeminiLabs\SiteReviews\Modules\Console]
[2022-10-12 16:45:48] ERROR [helpers.php:65] Attempting to call error() on an unknown class [GeminiLabs\SiteReviews\Modules\Console]
[2022-10-12 16:45:48] ERROR [helpers.php:65] Attempting to call error() on an unknown class [GeminiLabs\SiteReviews\Modules\Console]
[2022-10-12 16:45:48] ERROR [helpers.php:65] Attempting to call error() on an unknown class [GeminiLabs\SiteReviews\Modules\Console]
[2022-10-12 16:45:48] ERROR [helpers.php:65] Attempting to call error() on an unknown class [GeminiLabs\SiteReviews\Modules\Console]
[2022-10-12 16:45:48] ERROR [helpers.php:65] Attempting to call error() on an unknown class [GeminiLabs\SiteReviews\Modules\Console]
[2022-10-12 16:45:48] ERROR [helpers.php:65] Attempting to call error() on an unknown class [GeminiLabs\SiteReviews\Modules\Console]
[2022-10-12 16:45:48] ERROR [helpers.php:65] Attempting to call error() on an unknown class [GeminiLabs\SiteReviews\Modules\Console]
[2022-10-12 16:45:48] ERROR [helpers.php:65] Attempting to call error() on an unknown class [GeminiLabs\SiteReviews\Modules\Console]
[2022-10-12 16:45:48] ERROR [helpers.php:65] Attempting to call error() on an unknown class [GeminiLabs\SiteReviews\Modules\Console]
[2022-10-12 16:45:48] ERROR [helpers.php:65] Attempting to call error() on an unknown class [GeminiLabs\SiteReviews\Modules\Console]
[2022-10-12 16:45:48] ERROR [helpers.php:65] Attempting to call error() on an unknown class [GeminiLabs\SiteReviews\Modules\Console]
[2022-10-12 16:45:48] ERROR [helpers.php:65] Attempting to call error() on an unknown class [GeminiLabs\SiteReviews\Modules\Console]
[2022-10-12 16:45:48] ERROR [helpers.php:65] Attempting to call error() on an unknown class [GeminiLabs\SiteReviews\Modules\Console]
[2022-10-12 16:45:48] ERROR [helpers.php:65] Attempting to call error() on an unknown class [GeminiLabs\SiteReviews\Modules\Console]
[2022-10-12 16:45:48] ERROR [helpers.php:65] Attempting to call error() on an unknown class [GeminiLabs\SiteReviews\Modules\Console]
[2022-10-12 16:45:48] ERROR [helpers.php:65] Attempting to call error() on an unknown class [GeminiLabs\SiteReviews\Modules\Console]
[2022-10-12 16:45:48] ERROR [helpers.php:65] Attempting to call error() on an unknown class [GeminiLabs\SiteReviews\Modules\Console]
[2022-10-12 16:45:48] ERROR [helpers.php:65] Attempting to call error() on an unknown class [GeminiLabs\SiteReviews\Modules\Console]
[2022-10-12 16:45:48] ERROR [helpers.php:65] Attempting to call error() on an unknown class [GeminiLabs\SiteReviews\Modules\Console]
[2022-10-12 16:45:48] ERROR [helpers.php:65] Attempting to call error() on an unknown class [GeminiLabs\SiteReviews\Modules\Console]
[2022-10-12 16:45:48] ERROR [helpers.php:65] Attempting to call error() on an unknown class [GeminiLabs\SiteReviews\Modules\Console]
[2022-10-12 16:45:48] ERROR [helpers.php:65] Attempting to call error() on an unknown class [GeminiLabs\SiteReviews\Modules\Console]
[2022-10-12 16:45:48] ERROR [helpers.php:65] Attempting to call error() on an unknown class [GeminiLabs\SiteReviews\Modules\Console]
[2022-10-12 16:45:48] ERROR [helpers.php:65] Attempting to call error() on an unknown class [GeminiLabs\SiteReviews\Modules\Console]
[2022-10-12 16:45:48] ERROR [helpers.php:65] Attempting to call error() on an unknown class [GeminiLabs\SiteReviews\Modules\Console]
[2022-10-12 16:45:48] ERROR [helpers.php:65] Attempting to call error() on an unknown class [GeminiLabs\SiteReviews\Modules\Console]
[2022-10-12 16:45:48] ERROR [helpers.php:65] Attempting to call error() on an unknown class [GeminiLabs\SiteReviews\Modules\Console]
[2022-10-12 16:45:48] ERROR [helpers.php:65] Attempting to call error() on an unknown class [GeminiLabs\SiteReviews\Modules\Console]
[2022-10-12 16:45:48] ERROR [helpers.php:65] Attempting to call error() on an unknown class [GeminiLabs\SiteReviews\Modules\Console]
[2022-10-12 16:45:48] ERROR [helpers.php:65] Attempting to call error() on an unknown class [GeminiLabs\SiteReviews\Modules\Console]
[2022-10-12 16:45:48] ERROR [helpers.php:65] Attempting to call error() on an unknown class [GeminiLabs\SiteReviews\Modules\Console]
[2022-10-12 16:45:48] ERROR [helpers.php:65] Attempting to call error() on an unknown class [GeminiLabs\SiteReviews\Modules\Console]
[2022-10-12 16:45:48] ERROR [helpers.php:65] Attempting to call error() on an unknown class [GeminiLabs\SiteReviews\Modules\Console]
[2022-10-12 16:45:48] ERROR [helpers.php:65] Attempting to call error() on an unknown class [GeminiLabs\SiteReviews\Modules\Console]
[2022-10-12 16:45:48] ERROR [helpers.php:65] Attempting to call error() on an unknown class [GeminiLabs\SiteReviews\Modules\Console]
[2022-10-12 16:45:48] ERROR [helpers.php:65] Attempting to call error() on an unknown class [GeminiLabs\SiteReviews\Modules\Console]
[2022-10-12 16:45:48] ERROR [helpers.php:65] Attempting to call error() on an unknown class [GeminiLabs\SiteReviews\Modules\Console]
[2022-10-12 16:45:48] ERROR [helpers.php:65] Attempting to call error() on an unknown class [GeminiLabs\SiteReviews\Modules\Console]
[2022-10-12 16:45:48] ERROR [helpers.php:65] Attempting to call error() on an unknown class [GeminiLabs\SiteReviews\Modules\Console]
[2022-10-12 16:45:48] ERROR [helpers.php:65] Attempting to call error() on an unknown class [GeminiLabs\SiteReviews\Modules\Console]
[2022-10-12 16:45:48] ERROR [helpers.php:65] Attempting to call error() on an unknown class [GeminiLabs\SiteReviews\Modules\Console]
[2022-10-12 16:45:48] ERROR [helpers.php:65] Attempting to call error() on an unknown class [GeminiLabs\SiteReviews\Modules\Console]
[2022-10-12 16:45:48] ERROR [helpers.php:65] Attempting to call error() on an unknown class [GeminiLabs\SiteReviews\Modules\Console]
[2022-10-12 16:45:48] ERROR [helpers.php:65] Attempting to call error() on an unknown class [GeminiLabs\SiteReviews\Modules\Console]
[2022-10-12 16:45:48] ERROR [helpers.php:65] Attempting to call error() on an unknown class [GeminiLabs\SiteReviews\Modules\Console]
[2022-10-12 16:45:48] ERROR [helpers.php:65] Attempting to call error() on an unknown class [GeminiLabs\SiteReviews\Modules\Console]
[2022-10-12 16:45:48] ERROR [helpers.php:65] Attempting to call error() on an unknown class [GeminiLabs\SiteReviews\Modules\Console]
[2022-10-12 16:45:48] ERROR [helpers.php:65] Attempting to call error() on an unknown class [GeminiLabs\SiteReviews\Modules\Console]
[2022-10-12 16:45:48] ERROR [helpers.php:65] Attempting to call error() on an unknown class [GeminiLabs\SiteReviews\Modules\Console]
[2022-10-12 16:45:48] ERROR [helpers.php:65] Attempting to call error() on an unknown class [GeminiLabs\SiteReviews\Modules\Console]
[2022-10-12 16:45:48] ERROR [helpers.php:65] Attempting to call error() on an unknown class [GeminiLabs\SiteReviews\Modules\Console]
[2022-10-12 16:45:48] ERROR [helpers.php:65] Attempting to call error() on an unknown class [GeminiLabs\SiteReviews\Modules\Console]
[2022-10-12 16:45:48] ERROR [helpers.php:65] Attempting to call error() on an unknown class [GeminiLabs\SiteReviews\Modules\Console]
[2022-10-12 16:45:48] ERROR [helpers.php:65] Attempting to call error() on an unknown class [GeminiLabs\SiteReviews\Modules\Console]
[2022-10-12 16:45:48] ERROR [helpers.php:65] Attempting to call error() on an unknown class [GeminiLabs\SiteReviews\Modules\Console]
[2022-10-12 16:45:48] ERROR [helpers.php:65] Attempting to call error() on an unknown class [GeminiLabs\SiteReviews\Modules\Console]
[2022-10-12 16:45:48] ERROR [helpers.php:65] Attempting to call error() on an unknown class [GeminiLabs\SiteReviews\Modules\Console]
[2022-10-12 16:45:48] ERROR [helpers.php:65] Attempting to call error() on an unknown class [GeminiLabs\SiteReviews\Modules\Console]
[2022-10-12 16:45:48] ERROR [helpers.php:65] Attempting to call error() on an unknown class [GeminiLabs\SiteReviews\Modules\Console]
[2022-10-12 16:45:48] ERROR [helpers.php:65] Attempting to call error() on an unknown class [GeminiLabs\SiteReviews\Modules\Console]
[2022-10-12 16:45:48] ERROR [helpers.php:65] Attempting to call error() on an unknown class [GeminiLabs\SiteReviews\Modules\Console]
[2022-10-12 16:45:48] ERROR [helpers.php:65] Attempting to call error() on an unknown class [GeminiLabs\SiteReviews\Modules\Console]
[2022-10-12 16:45:48] ERROR [helpers.php:65] Attempting to call error() on an unknown class [GeminiLabs\SiteReviews\Modules\Console]
[2022-10-12 16:45:48] ERROR [helpers.php:65] Attempting to call error() on an unknown class [GeminiLabs\SiteReviews\Modules\Console]
[2022-10-12 16:45:48] ERROR [helpers.php:65] Attempting to call error() on an unknown class [GeminiLabs\SiteReviews\Modules\Console]
[2022-10-12 16:45:48] ERROR [helpers.php:65] Attempting to call error() on an unknown class [GeminiLabs\SiteReviews\Modules\Console]
[2022-10-12 16:45:48] ERROR [helpers.php:65] Attempting to call error() on an unknown class [GeminiLabs\SiteReviews\Modules\Console]
[2022-10-12 16:45:48] ERROR [helpers.php:65] Attempting to call error() on an unknown class [GeminiLabs\SiteReviews\Modules\Console]
[2022-10-12 16:45:48] ERROR [helpers.php:65] Attempting to call error() on an unknown class [GeminiLabs\SiteReviews\Modules\Console]
[2022-10-12 16:45:48] ERROR [helpers.php:65] Attempting to call error() on an unknown class [GeminiLabs\SiteReviews\Modules\Console]
[2022-10-12 16:45:48] ERROR [helpers.php:65] Attempting to call error() on an unknown class [GeminiLabs\SiteReviews\Modules\Console]
[2022-10-12 16:45:48] ERROR [helpers.php:65] Attempting to call error() on an unknown class [GeminiLabs\SiteReviews\Modules\Console]
[2022-10-12 16:45:48] ERROR [helpers.php:65] Attempting to call error() on an unknown class [GeminiLabs\SiteReviews\Modules\Console]
[2022-10-12 16:45:48] ERROR [helpers.php:65] Attempting to call error() on an unknown class [GeminiLabs\SiteReviews\Modules\Console]
[2022-10-12 16:45:48] ERROR [helpers.php:65] Attempting to call error() on an unknown class [GeminiLabs\SiteReviews\Modules\Console]
[2022-10-12 16:45:48] ERROR [helpers.php:65] Attempting to call error() on an unknown class [GeminiLabs\SiteReviews\Modules\Console]
[2022-10-12 16:45:48] ERROR [helpers.php:65] Attempting to call error() on an unknown class [GeminiLabs\SiteReviews\Modules\Console]
[2022-10-12 16:45:48] ERROR [helpers.php:65] Attempting to call error() on an unknown class [GeminiLabs\SiteReviews\Modules\Console]
[2022-10-12 16:45:48] ERROR [helpers.php:65] Attempting to call error() on an unknown class [GeminiLabs\SiteReviews\Modules\Console]
[2022-10-12 16:45:48] ERROR [helpers.php:65] Attempting to call error() on an unknown class [GeminiLabs\SiteReviews\Modules\Console]
[2022-10-12 16:45:48] ERROR [helpers.php:65] Attempting to call error() on an unknown class [GeminiLabs\SiteReviews\Modules\Console]
[2022-10-12 16:45:48] ERROR [helpers.php:65] Attempting to call error() on an unknown class [GeminiLabs\SiteReviews\Modules\Console]
[2022-10-12 16:45:48] ERROR [helpers.php:65] Attempting to call error() on an unknown class [GeminiLabs\SiteReviews\Modules\Console]
[2022-10-12 16:45:48] ERROR [helpers.php:65] Attempting to call error() on an unknown class [GeminiLabs\SiteReviews\Modules\Console]
[2022-10-12 16:45:48] ERROR [helpers.php:65] Attempting to call error() on an unknown class [GeminiLabs\SiteReviews\Modules\Console]
[2022-10-12 16:45:48] ERROR [helpers.php:65] Attempting to call error() on an unknown class [GeminiLabs\SiteReviews\Modules\Console]
[2022-10-12 16:45:48] ERROR [helpers.php:65] Attempting to call error() on an unknown class [GeminiLabs\SiteReviews\Modules\Console]
[2022-10-12 16:45:48] ERROR [helpers.php:65] Attempting to call error() on an unknown class [GeminiLabs\SiteReviews\Modules\Console]
[2022-10-12 16:45:48] ERROR [helpers.php:65] Attempting to call error() on an unknown class [GeminiLabs\SiteReviews\Modules\Console]
[2022-10-12 16:45:48] ERROR [helpers.php:65] Attempting to call error() on an unknown class [GeminiLabs\SiteReviews\Modules\Console]
[2022-10-12 16:45:48] ERROR [helpers.php:65] Attempting to call error() on an unknown class [GeminiLabs\SiteReviews\Modules\Console]
[2022-10-12 16:45:48] ERROR [helpers.php:65] Attempting to call error() on an unknown class [GeminiLabs\SiteReviews\Modules\Console]
[2022-10-12 16:45:48] ERROR [helpers.php:65] Attempting to call error() on an unknown class [GeminiLabs\SiteReviews\Modules\Console]
[2022-10-12 16:45:48] ERROR [helpers.php:65] Attempting to call error() on an unknown class [GeminiLabs\SiteReviews\Modules\Console]
[2022-10-12 16:45:48] ERROR [helpers.php:65] Attempting to call error() on an unknown class [GeminiLabs\SiteReviews\Modules\Console]
[2022-10-12 16:45:48] ERROR [helpers.php:65] Attempting to call error() on an unknown class [GeminiLabs\SiteReviews\Modules\Console]
[2022-10-12 16:45:48] ERROR [helpers.php:65] Attempting to call error() on an unknown class [GeminiLabs\SiteReviews\Modules\Console]
[2022-10-12 16:45:48] ERROR [helpers.php:65] Attempting to call error() on an unknown class [GeminiLabs\SiteReviews\Modules\Console]
[2022-10-12 16:45:48] ERROR [helpers.php:65] Attempting to call error() on an unknown class [GeminiLabs\SiteReviews\Modules\Console]
[2022-10-12 16:45:48] ERROR [helpers.php:65] Attempting to call error() on an unknown class [GeminiLabs\SiteReviews\Modules\Console]
[2022-10-12 16:45:48] ERROR [helpers.php:65] Attempting to call error() on an unknown class [GeminiLabs\SiteReviews\Modules\Console]
[2022-10-12 16:45:48] ERROR [helpers.php:65] Attempting to call error() on an unknown class [GeminiLabs\SiteReviews\Modules\Console]
[2022-10-12 16:45:48] ERROR [helpers.php:65] Attempting to call error() on an unknown class [GeminiLabs\SiteReviews\Modules\Console]
[2022-10-12 16:45:48] ERROR [helpers.php:65] Attempting to call error() on an unknown class [GeminiLabs\SiteReviews\Modules\Console]
[2022-10-12 16:45:48] ERROR [helpers.php:65] Attempting to call error() on an unknown class [GeminiLabs\SiteReviews\Modules\Console]
[2022-10-12 16:45:48] ERROR [helpers.php:65] Attempting to call error() on an unknown class [GeminiLabs\SiteReviews\Modules\Console]
[2022-10-12 16:45:48] ERROR [helpers.php:65] Attempting to call error() on an unknown class [GeminiLabs\SiteReviews\Modules\Console]
[2022-10-12 16:45:48] ERROR [helpers.php:65] Attempting to call error() on an unknown class [GeminiLabs\SiteReviews\Modules\Console]
[2022-10-12 16:45:48] ERROR [helpers.php:65] Attempting to call error() on an unknown class [GeminiLabs\SiteReviews\Modules\Console]
[2022-10-12 16:45:48] ERROR [helpers.php:65] Attempting to call error() on an unknown class [GeminiLabs\SiteReviews\Modules\Console]
[2022-10-12 16:45:48] ERROR [helpers.php:65] Attempting to call error() on an unknown class [GeminiLabs\SiteReviews\Modules\Console]
[2022-10-12 16:45:48] ERROR [helpers.php:65] Attempting to call error() on an unknown class [GeminiLabs\SiteReviews\Modules\Console]
[2022-10-12 16:45:48] ERROR [helpers.php:65] Attempting to call error() on an unknown class [GeminiLabs\SiteReviews\Modules\Console]
[2022-10-12 16:45:48] ERROR [helpers.php:65] Attempting to call error() on an unknown class [GeminiLabs\SiteReviews\Modules\Console]
[2022-10-12 16:45:48] ERROR [helpers.php:65] Attempting to call error() on an unknown class [GeminiLabs\SiteReviews\Modules\Console]
[2022-10-12 16:45:48] ERROR [BlackHole.php:65] Attempting to call error() on an unknown class [GeminiLabs\SiteReviews\Modules\Console]
[2022-10-12 16:45:48] ERROR [Commands\EnqueuePublicAssets:38] Attempting to call url() on an unknown class [GeminiLabs\SiteReviews\Modules\Assets\AssetCss]
[2022-10-18 06:26:28] DEBUG [Modules\Migrate:169] [Migrate_6_1_0] has run successfully
[2022-11-07 06:52:36] DEBUG [Modules\Migrate:169] [Migrate_6_2_0] has run successfully
